<?xml version="1.0" encoding="UTF-8"?>
<!-- Generated by org.testng.reporters.JUnitReportReporter -->
<testsuite hostname="DESKTOP-ABVKG8B" failures="0" tests="1" name="mavenTestpackage.ExtentReportDetmo" time="56.029" errors="0" timestamp="2021-08-16T13:07:56 IST" skipped="0">
  <testcase classname="mavenTestpackage.ExtentReportDetmo" name="inintalDemo" time="56.029"/>
  <system-out/>
</testsuite> <!-- mavenTestpackage.ExtentReportDetmo -->
