<?xml version="1.0" encoding="UTF-8"?>
<!-- Generated by org.testng.reporters.JUnitReportReporter -->
<testsuite hostname="DESKTOP-ABVKG8B" failures="0" tests="1" name="mavenTestpackage.RestAPITest" time="0.001" errors="0" timestamp="2021-08-14T17:13:25 IST" skipped="0">
  <testcase classname="mavenTestpackage.RestAPITest" name="first" time="0.001"/>
  <system-out/>
</testsuite> <!-- mavenTestpackage.RestAPITest -->
