<?xml version="1.0" encoding="UTF-8"?>
<!-- Generated by org.testng.reporters.JUnitReportReporter -->
<testsuite hostname="DESKTOP-ABVKG8B" failures="0" tests="2" name="mavenTestpackage.AppiumTest" time="0.014" errors="0" timestamp="2021-08-14T17:14:05 IST" skipped="0">
  <testcase classname="mavenTestpackage.AppiumTest" name="secondTest" time="0.001"/>
  <system-out/>
  <testcase classname="mavenTestpackage.AppiumTest" name="firstTest" time="0.013"/>
  <system-out/>
</testsuite> <!-- mavenTestpackage.AppiumTest -->
